2015-01-19 21:42:44 [-][-][-][error][yii\db\Exception] exception 'PDOException' with message 'SQLSTATE[HY000] [1049] Unknown database 'yii2advanced'' in C:\wamp\www\nomina\vendor\yiisoft\yii2\db\Connection.php:579
Stack trace:
#0 C:\wamp\www\nomina\vendor\yiisoft\yii2\db\Connection.php(579): PDO->__construct('mysql:host=loca...', 'root', '', NULL)
#1 C:\wamp\www\nomina\vendor\yiisoft\yii2\db\Connection.php(529): yii\db\Connection->createPdoInstance()
#2 C:\wamp\www\nomina\vendor\yiisoft\yii2\db\Connection.php(836): yii\db\Connection->open()
#3 C:\wamp\www\nomina\vendor\yiisoft\yii2\db\Connection.php(823): yii\db\Connection->getMasterPdo()
#4 C:\wamp\www\nomina\vendor\yiisoft\yii2\db\Command.php(208): yii\db\Connection->getSlavePdo()
#5 C:\wamp\www\nomina\vendor\yiisoft\yii2\db\Command.php(815): yii\db\Command->prepare(true)
#6 C:\wamp\www\nomina\vendor\yiisoft\yii2\db\Command.php(350): yii\db\Command->queryInternal('fetchAll', NULL)
#7 C:\wamp\www\nomina\vendor\yiisoft\yii2\db\mysql\Schema.php(198): yii\db\Command->queryAll()
#8 C:\wamp\www\nomina\vendor\yiisoft\yii2\db\mysql\Schema.php(97): yii\db\mysql\Schema->findColumns(Object(yii\db\TableSchema))
#9 C:\wamp\www\nomina\vendor\yiisoft\yii2\db\Schema.php(139): yii\db\mysql\Schema->loadTableSchema('migration')
#10 C:\wamp\www\nomina\vendor\yiisoft\yii2\console\controllers\MigrateController.php(126): yii\db\Schema->getTableSchema('{{%migration}}', true)
#11 C:\wamp\www\nomina\vendor\yiisoft\yii2\console\controllers\BaseMigrateController.php(607): yii\console\controllers\MigrateController->getMigrationHistory(NULL)
#12 C:\wamp\www\nomina\vendor\yiisoft\yii2\console\controllers\BaseMigrateController.php(99): yii\console\controllers\BaseMigrateController->getNewMigrations()
#13 [internal function]: yii\console\controllers\BaseMigrateController->actionUp(0)
#14 C:\wamp\www\nomina\vendor\yiisoft\yii2\base\InlineAction.php(55): call_user_func_array(Array, Array)
#15 C:\wamp\www\nomina\vendor\yiisoft\yii2\base\Controller.php(151): yii\base\InlineAction->runWithParams(Array)
#16 C:\wamp\www\nomina\vendor\yiisoft\yii2\console\Controller.php(91): yii\base\Controller->runAction('', Array)
#17 C:\wamp\www\nomina\vendor\yiisoft\yii2\base\Module.php(455): yii\console\Controller->runAction('', Array)
#18 C:\wamp\www\nomina\vendor\yiisoft\yii2\console\Application.php(161): yii\base\Module->runAction('migrate', Array)
#19 C:\wamp\www\nomina\vendor\yiisoft\yii2\console\Application.php(137): yii\console\Application->runAction('migrate', Array)
#20 C:\wamp\www\nomina\vendor\yiisoft\yii2\base\Application.php(375): yii\console\Application->handleRequest(Object(yii\console\Request))
#21 C:\wamp\www\nomina\yii(31): yii\base\Application->run()
#22 {main}

Next exception 'yii\db\Exception' with message 'SQLSTATE[HY000] [1049] Unknown database 'yii2advanced'' in C:\wamp\www\nomina\vendor\yiisoft\yii2\db\Connection.php:534
Stack trace:
#0 C:\wamp\www\nomina\vendor\yiisoft\yii2\db\Connection.php(836): yii\db\Connection->open()
#1 C:\wamp\www\nomina\vendor\yiisoft\yii2\db\Connection.php(823): yii\db\Connection->getMasterPdo()
#2 C:\wamp\www\nomina\vendor\yiisoft\yii2\db\Command.php(208): yii\db\Connection->getSlavePdo()
#3 C:\wamp\www\nomina\vendor\yiisoft\yii2\db\Command.php(815): yii\db\Command->prepare(true)
#4 C:\wamp\www\nomina\vendor\yiisoft\yii2\db\Command.php(350): yii\db\Command->queryInternal('fetchAll', NULL)
#5 C:\wamp\www\nomina\vendor\yiisoft\yii2\db\mysql\Schema.php(198): yii\db\Command->queryAll()
#6 C:\wamp\www\nomina\vendor\yiisoft\yii2\db\mysql\Schema.php(97): yii\db\mysql\Schema->findColumns(Object(yii\db\TableSchema))
#7 C:\wamp\www\nomina\vendor\yiisoft\yii2\db\Schema.php(139): yii\db\mysql\Schema->loadTableSchema('migration')
#8 C:\wamp\www\nomina\vendor\yiisoft\yii2\console\controllers\MigrateController.php(126): yii\db\Schema->getTableSchema('{{%migration}}', true)
#9 C:\wamp\www\nomina\vendor\yiisoft\yii2\console\controllers\BaseMigrateController.php(607): yii\console\controllers\MigrateController->getMigrationHistory(NULL)
#10 C:\wamp\www\nomina\vendor\yiisoft\yii2\console\controllers\BaseMigrateController.php(99): yii\console\controllers\BaseMigrateController->getNewMigrations()
#11 [internal function]: yii\console\controllers\BaseMigrateController->actionUp(0)
#12 C:\wamp\www\nomina\vendor\yiisoft\yii2\base\InlineAction.php(55): call_user_func_array(Array, Array)
#13 C:\wamp\www\nomina\vendor\yiisoft\yii2\base\Controller.php(151): yii\base\InlineAction->runWithParams(Array)
#14 C:\wamp\www\nomina\vendor\yiisoft\yii2\console\Controller.php(91): yii\base\Controller->runAction('', Array)
#15 C:\wamp\www\nomina\vendor\yiisoft\yii2\base\Module.php(455): yii\console\Controller->runAction('', Array)
#16 C:\wamp\www\nomina\vendor\yiisoft\yii2\console\Application.php(161): yii\base\Module->runAction('migrate', Array)
#17 C:\wamp\www\nomina\vendor\yiisoft\yii2\console\Application.php(137): yii\console\Application->runAction('migrate', Array)
#18 C:\wamp\www\nomina\vendor\yiisoft\yii2\base\Application.php(375): yii\console\Application->handleRequest(Object(yii\console\Request))
#19 C:\wamp\www\nomina\yii(31): yii\base\Application->run()
#20 {main}
Additional Information:

2015-01-19 21:42:44 [-][-][-][info][application] $_SERVER = [
    'ALLUSERSPROFILE' => 'C:\\ProgramData'
    'APPDATA' => 'C:\\Users\\rmesa\\AppData\\Roaming'
    'ASL_LOG' => 'Destination=file'
    'COMMONPROGRAMFILES(X86)' => 'C:\\Program Files (x86)\\Common Files'
    'COMMONPROGRAMFILES' => 'C:\\Program Files\\Common Files'
    'COMMONPROGRAMW6432' => 'C:\\Program Files\\Common Files'
    'COMPUTERNAME' => 'RMESA-IB'
    'COMSPEC' => 'C:\\Windows\\system32\\cmd.exe'
    'FP_NO_HOST_CHECK' => 'NO'
    'GNUPGHOME' => 'c:/Users/rmesa/.gnupg'
    'HISTFILE' => 'c:/Users/rmesa/.bash_history'
    'HOME' => 'c:/Users/rmesa'
    'HOMEDRIVE' => 'C:'
    'HOMEPATH' => '\\Users\\rmesa'
    'INPUTRC' => 'C:/Program Files (x86)/Git/etc/inputrc'
    'LESS' => '-FRSX'
    'LESSCHARSET' => 'utf-8'
    'LOCALAPPDATA' => 'C:\\Users\\rmesa\\AppData\\Local'
    'LOGNAME' => 'rmesa'
    'LOGONSERVER' => '\\\\SVR-ADPROLUBSA-'
    'MAKE_MODE' => 'unix'
    'MSYSTEM' => 'MINGW32'
    'NUMBER_OF_PROCESSORS' => '4'
    'OLDPWD' => 'c:/wamp/www'
    'OS' => 'Windows_NT'
    'PATH' => 'c:\\Users\\rmesa\\bin;.;C:\\Program Files (x86)\\Git\\local\\bin;C:\\Program Files (x86)\\Git\\mingw\\bin;C:\\Program Files (x86)\\Git\\bin;c:\\ProgramData\\Oracle\\Java\\javapath;c:\\Windows\\system32;c:\\Windows;c:\\Windows\\System32\\Wbem;c:\\Windows\\System32\\WindowsPowerShell\\v1.0\\;c:\\Program Files (x86)\\Microsoft SQL Server\\100\\Tools\\Binn\\;c:\\Program Files\\Microsoft SQL Server\\100\\Tools\\Binn\\;c:\\Program Files\\Microsoft SQL Server\\100\\DTS\\Binn\\;c:\\Program Files (x86)\\Microsoft SQL Server\\100\\Tools\\Binn\\VSShell\\Common7\\IDE\\;c:\\Program Files (x86)\\Microsoft Visual Studio 9.0\\Common7\\IDE\\PrivateAssemblies\\;c:\\Program Files (x86)\\Microsoft SQL Server\\100\\DTS\\Binn\\;c:\\Program Files\\OpenVPN\\bin;c:\\wamp\\bin\\php\\php5.5.12;c:\\ProgramData\\ComposerSetup\\bin;c:\\Program Files (x86)\\QuickTime\\QTSystem\\;c:\\Program Files (x86)\\MySQL\\MySQL Utilities\\;c:\\Program Files (x86)\\MySQL\\MySQL Utilities\\Doctrine extensions for PHP\\;c:\\Program Files (x86)\\Spiceworks\\Nmap'
    'PATHEXT' => '.COM;.EXE;.BAT;.CMD;.VBS;.VBE;.JS;.JSE;.WSF;.WSH;.MSC'
    'PLINK_PROTOCOL' => 'ssh'
    'PROCESSOR_ARCHITECTURE' => 'AMD64'
    'PROCESSOR_IDENTIFIER' => 'Intel64 Family 6 Model 58 Stepping 9, GenuineIntel'
    'PROCESSOR_LEVEL' => '6'
    'PROCESSOR_REVISION' => '3a09'
    'PROGRAMDATA' => 'C:\\ProgramData'
    'PROGRAMFILES(X86)' => 'C:\\Program Files (x86)'
    'PROGRAMFILES' => 'C:\\Program Files'
    'PROGRAMW6432' => 'C:\\Program Files'
    'PSMODULEPATH' => 'C:\\Windows\\system32\\WindowsPowerShell\\v1.0\\Modules\\'
    'PUBLIC' => 'C:\\Users\\Public'
    'PWD' => 'c:/wamp/www/nomina'
    'SESSIONNAME' => 'Console'
    'SHLVL' => '1'
    'SYSTEMDRIVE' => 'C:'
    'SYSTEMROOT' => 'C:\\Windows'
    'TEMP' => 'C:/Users/rmesa/AppData/Local/Temp'
    'TERM' => 'cygwin'
    'TMP' => 'C:/Users/rmesa/AppData/Local/Temp'
    'USERDNSDOMAIN' => 'GULFCOLOMBIA.LOCAL'
    'USERDOMAIN' => 'GULFCOLOMBIA'
    'USERNAME' => 'rmesa'
    'USERPROFILE' => 'C:\\Users\\rmesa'
    'WINDIR' => 'C:\\Windows'
    'WINDOWS_TRACING_FLAGS' => '3'
    'WINDOWS_TRACING_LOGFILE' => 'C:\\BVTBin\\Tests\\installpackage\\csilogfile.log'
    '_' => './yii'
    'PHP_SELF' => './yii'
    'SCRIPT_NAME' => './yii'
    'SCRIPT_FILENAME' => './yii'
    'PATH_TRANSLATED' => './yii'
    'DOCUMENT_ROOT' => ''
    'REQUEST_TIME_FLOAT' => 1421700164.6261
    'REQUEST_TIME' => 1421700164
    'argv' => [
        0 => './yii'
        1 => 'migrate'
    ]
    'argc' => 2
]
